<?xml version="1.0" encoding="UTF-8"?>
<testsuite xmlns:xsi="http://www.w3.org/2001/XMLSchema-instance" xsi:noNamespaceSchemaLocation="https://maven.apache.org/surefire/maven-surefire-plugin/xsd/surefire-test-report-3.0.xsd" version="3.0" name="com.example.sb_bookstore.SbBookstoreApplicationTests" time="3.736" tests="1" errors="0" skipped="0" failures="0">
  <properties>
[...]
</properties>
  <testcase name="contextLoads" classname="com.example.sb_bookstore.SbBookstoreApplicationTests" time="0.797">
    <system-out><![CDATA[16:52:54.253 [main] INFO org.springframework.test.context.support.AnnotationConfigContextLoaderUtils -- Could not detect default configuration classes for test class [com.example.sb_bookstore.SbBookstoreApplicationTests]: SbBookstoreApplicationTests does not declare any static, non-private, non-final, nested classes annotated with @Configuration.
16:52:54.360 [main] INFO org.springframework.boot.test.context.SpringBootTestContextBootstrapper -- Found @SpringBootConfiguration com.example.sb_bookstore.SbBookstoreApplication for test class com.example.sb_bookstore.SbBookstoreApplicationTests

  .   ____          _            __ _ _
 /\\ / ___'_ __ _ _(_)_ __  __ _ \ \ \ \
( ( )\___ | '_ | '_| | '_ \/ _` | \ \ \ \
 \\/  ___)| |_)| | | | | || (_| |  ) ) ) )
  '  |____| .__|_| |_|_| |_\__, | / / / /
 =========|_|==============|___/=/_/_/_/
 :: Spring Boot ::                (v3.1.3)

2023-11-30T16:52:54.666+08:00  INFO 12260 --- [           main] c.e.s.SbBookstoreApplicationTests        : Starting SbBookstoreApplicationTests using Java 17 with PID 12260 (started by hys in D:\code\springprjs\sb_bookstore)
2023-11-30T16:52:54.667+08:00  INFO 12260 --- [           main] c.e.s.SbBookstoreApplicationTests        : No active profile set, falling back to 1 default profile: "default"
 _ _   |_  _ _|_. ___ _ |    _ 
| | |\/|_)(_| | |_\  |_)||_|_\ 
     /               |         
                        3.5.3.2 
2023-11-30T16:52:55.860+08:00  WARN 12260 --- [           main] c.b.m.core.metadata.TableInfoHelper      : This primary key of "id" is primitive !不建议如此请使用包装类 in Class: "com.example.sb_bookstore.domain.Book"
2023-11-30T16:52:55.941+08:00  WARN 12260 --- [           main] c.b.m.core.metadata.TableInfoHelper      : This primary key of "id" is primitive !不建议如此请使用包装类 in Class: "com.example.sb_bookstore.domain.BookCategory"
2023-11-30T16:52:55.993+08:00  WARN 12260 --- [           main] c.b.m.core.metadata.TableInfoHelper      : This primary key of "id" is primitive !不建议如此请使用包装类 in Class: "com.example.sb_bookstore.domain.Comment"
2023-11-30T16:52:56.036+08:00  WARN 12260 --- [           main] c.b.m.core.metadata.TableInfoHelper      : This primary key of "id" is primitive !不建议如此请使用包装类 in Class: "com.example.sb_bookstore.domain.User"
2023-11-30T16:52:56.245+08:00  WARN 12260 --- [           main] .s.s.UserDetailsServiceAutoConfiguration : 

Using generated security password: 122770d1-5e8c-49a7-a274-cff46a5f3bba

This generated password is for development use only. Your security configuration must be updated before running your application in production.

2023-11-30T16:52:56.397+08:00  INFO 12260 --- [           main] o.s.s.web.DefaultSecurityFilterChain     : Will secure any request with [org.springframework.security.web.session.DisableEncodeUrlFilter@1f84327b, org.springframework.security.web.context.request.async.WebAsyncManagerIntegrationFilter@39549f33, org.springframework.security.web.context.SecurityContextHolderFilter@622d7e4, org.springframework.security.web.header.HeaderWriterFilter@4665428b, org.springframework.security.web.authentication.logout.LogoutFilter@5460edd3, org.springframework.security.web.authentication.UsernamePasswordAuthenticationFilter@3d3a1903, org.springframework.security.web.savedrequest.RequestCacheAwareFilter@261b9a37, org.springframework.security.web.servletapi.SecurityContextHolderAwareRequestFilter@68a305eb, org.springframework.security.web.authentication.rememberme.RememberMeAuthenticationFilter@412ebe64, org.springframework.security.web.authentication.AnonymousAuthenticationFilter@dbddbe3, org.springframework.security.web.access.ExceptionTranslationFilter@7c5df615, org.springframework.security.web.access.intercept.AuthorizationFilter@643ba1ed]
2023-11-30T16:52:56.987+08:00  INFO 12260 --- [           main] c.e.s.SbBookstoreApplicationTests        : Started SbBookstoreApplicationTests in 2.507 seconds (process running for 3.538)
]]></system-out>
  </testcase>
</testsuite>